[GIN-debug] [WARNING] Running in "debug" mode. Switch to "release" mode in production.
 - using env:	export GIN_MODE=release
 - using code:	gin.SetMode(gin.ReleaseMode)

[GIN-debug] POST   /quotes/                  --> backend/server/handlers.addQuote (4 handlers)
[GIN-debug] GET    /quotes/                  --> backend/server/handlers.getAllQuotes (4 handlers)
[GIN-debug] GET    /quotes/:id               --> backend/server/handlers.getSingleQuote (4 handlers)
[GIN-debug] PUT    /quotes/:id               --> backend/server/handlers.applyActionOnQuote (4 handlers)
[GIN-debug] [WARNING] You trusted all proxies, this is NOT safe. We recommend you to set a value.
Please check https://pkg.go.dev/github.com/gin-gonic/gin#readme-don-t-trust-all-proxies for details.
[GIN-debug] Listening and serving HTTP on :80
[GIN-debug] redirecting request 301: /quotes/ --> /quotes/
::1 - [Fri, 26 Aug 2022 09:49:56 CEST] "GET /quotes/ HTTP/1.1 200 13.9173ms "" "
::1 - [Fri, 26 Aug 2022 09:50:14 CEST] "GET /quotes/1 HTTP/1.1 200 745.5µs "" "
[GIN-debug] redirecting request 301: /quotes/ --> /quotes/
192.168.1.3 - [Fri, 26 Aug 2022 10:00:23 CEST] "GET /quotes/ HTTP/1.1 200 3.9784ms "okhttp/4.9.2" "
::1 - [Fri, 26 Aug 2022 10:09:23 CEST] "PUT /quotes/1 HTTP/1.1 400 1.6313ms "" "
::1 - [Fri, 26 Aug 2022 10:09:30 CEST] "PUT /quotes/1 HTTP/1.1 400 0s "" "
::1 - [Fri, 26 Aug 2022 10:09:57 CEST] "PUT /quotes/1 HTTP/1.1 400 0s "" "
::1 - [Fri, 26 Aug 2022 10:09:57 CEST] "PUT /quotes/1 HTTP/1.1 400 0s "" "
::1 - [Fri, 26 Aug 2022 10:10:02 CEST] "PUT /quotes/1 HTTP/1.1 400 0s "" "
::1 - [Fri, 26 Aug 2022 10:10:39 CEST] "PUT /quotes/1?action=like HTTP/1.1 200 14.5978ms "" "
[GIN-debug] redirecting request 301: /quotes/ --> /quotes/
192.168.1.3 - [Fri, 26 Aug 2022 10:14:05 CEST] "GET /quotes/ HTTP/1.1 200 1.3586ms "okhttp/4.9.2" "
